<?xml version="1.0" encoding="UTF-8"?>
<!-- Generated by org.testng.reporters.JUnitReportReporter -->
<testsuite hostname="DESKTOP-LFPD9NH" failures="1" tests="1" name="tests.usersTests.GetResponseUsersTest" time="0.515" errors="0" timestamp="2022-06-14T22:38:17 MSK" skipped="0">
  <testcase classname="tests.usersTests.GetResponseUsersTest" name="getResponseUsers" time="0.515">
    <failure message="The following asserts failed:
	expected [{&quot;id&quot;:4,&quot;name&quot;:&quot;Patricia Lebsack&quot;,&quot;username&quot;:&quot;Karianne&quot;,&quot;email&quot;:&quot;Julianne.OConner@kory.org&quot;,&quot;address&quot;:{&quot;street&quot;:&quot;Hoeger Mall&quot;,&quot;suite&quot;:&quot;Apt. 692&quot;,&quot;city&quot;:&quot;South Elvis&quot;,&quot;zipcode&quot;:&quot;53919-4257&quot;,&quot;geo&quot;:{&quot;lat&quot;:&quot;29.4572&quot;,&quot;lng&quot;:&quot;-164.2990&quot;}},&quot;phone&quot;:&quot;493-170-9623 x156&quot;,&quot;website&quot;:&quot;kale.biz&quot;,&quot;company&quot;:{&quot;name&quot;:&quot;Robel-Corkery&quot;,&quot;catchPhrase&quot;:&quot;Multi-tiered zero tolerance productivity&quot;,&quot;bs&quot;:&quot;transition cutting-edge web services&quot;}}] but found [{&quot;id&quot;:5,&quot;name&quot;:&quot;Chelsey Dietrich&quot;,&quot;username&quot;:&quot;Kamren&quot;,&quot;email&quot;:&quot;Lucio_Hettinger@annie.ca&quot;,&quot;address&quot;:{&quot;street&quot;:&quot;Skiles Walks&quot;,&quot;suite&quot;:&quot;Suite 351&quot;,&quot;city&quot;:&quot;Roscoeview&quot;,&quot;zipcode&quot;:&quot;33263&quot;,&quot;geo&quot;:{&quot;lat&quot;:&quot;-31.8129&quot;,&quot;lng&quot;:&quot;62.5342&quot;}},&quot;phone&quot;:&quot;(254)954-1289&quot;,&quot;website&quot;:&quot;demarco.info&quot;,&quot;company&quot;:{&quot;name&quot;:&quot;Keebler LLC&quot;,&quot;catchPhrase&quot;:&quot;User-centric fault-tolerant solution&quot;,&quot;bs&quot;:&quot;revolutionize end-to-end systems&quot;}}]" type="java.lang.AssertionError">
      <![CDATA[java.lang.AssertionError: The following asserts failed:
expected [{"id":4,"name":"Patricia Lebsack","username":"Karianne","email":"Julianne.OConner@kory.org","address":{"street":"Hoeger Mall","suite":"Apt. 692","city":"South Elvis","zipcode":"53919-4257","geo":{"lat":"29.4572","lng":"-164.2990"}},"phone":"493-170-9623 x156","website":"kale.biz","company":{"name":"Robel-Corkery","catchPhrase":"Multi-tiered zero tolerance productivity","bs":"transition cutting-edge web services"}}] but found [{"id":5,"name":"Chelsey Dietrich","username":"Kamren","email":"Lucio_Hettinger@annie.ca","address":{"street":"Skiles Walks","suite":"Suite 351","city":"Roscoeview","zipcode":"33263","geo":{"lat":"-31.8129","lng":"62.5342"}},"phone":"(254)954-1289","website":"demarco.info","company":{"name":"Keebler LLC","catchPhrase":"User-centric fault-tolerant solution","bs":"revolutionize end-to-end systems"}}]
at org.testng.asserts.SoftAssert.assertAll(SoftAssert.java:46)
at org.testng.asserts.SoftAssert.assertAll(SoftAssert.java:30)
at tests.usersTests.GetResponseUsersTest.getResponseUsers(GetResponseUsersTest.java:46)
at java.base/jdk.internal.reflect.NativeMethodAccessorImpl.invoke0(Native Method)
at java.base/jdk.internal.reflect.NativeMethodAccessorImpl.invoke(NativeMethodAccessorImpl.java:77)
at java.base/jdk.internal.reflect.DelegatingMethodAccessorImpl.invoke(DelegatingMethodAccessorImpl.java:43)
at java.base/java.lang.reflect.Method.invoke(Method.java:568)
at org.testng.internal.invokers.MethodInvocationHelper.invokeMethod(MethodInvocationHelper.java:135)
at org.testng.internal.invokers.TestInvoker.invokeMethod(TestInvoker.java:673)
at org.testng.internal.invokers.TestInvoker.invokeTestMethod(TestInvoker.java:220)
at org.testng.internal.invokers.MethodRunner.runInSequence(MethodRunner.java:50)
at org.testng.internal.invokers.TestInvoker$MethodInvocationAgent.invoke(TestInvoker.java:945)
at org.testng.internal.invokers.TestInvoker.invokeTestMethods(TestInvoker.java:193)
at org.testng.internal.invokers.TestMethodWorker.invokeTestMethods(TestMethodWorker.java:146)
at org.testng.internal.invokers.TestMethodWorker.run(TestMethodWorker.java:128)
at java.base/java.util.ArrayList.forEach(ArrayList.java:1511)
at org.testng.TestRunner.privateRun(TestRunner.java:808)
at org.testng.TestRunner.run(TestRunner.java:603)
at org.testng.SuiteRunner.runTest(SuiteRunner.java:429)
at org.testng.SuiteRunner.runSequentially(SuiteRunner.java:423)
at org.testng.SuiteRunner.privateRun(SuiteRunner.java:383)
at org.testng.SuiteRunner.run(SuiteRunner.java:326)
at org.testng.SuiteRunnerWorker.runSuite(SuiteRunnerWorker.java:52)
at org.testng.SuiteRunnerWorker.run(SuiteRunnerWorker.java:95)
at org.testng.TestNG.runSuitesSequentially(TestNG.java:1249)
at org.testng.TestNG.runSuitesSequentially(TestNG.java:1244)
at org.testng.TestNG.runSuitesLocally(TestNG.java:1169)
at org.testng.TestNG.runSuites(TestNG.java:1092)
at org.testng.TestNG.run(TestNG.java:1060)
at org.apache.maven.surefire.testng.TestNGExecutor.run(TestNGExecutor.java:284)
at org.apache.maven.surefire.testng.TestNGXmlTestSuite.execute(TestNGXmlTestSuite.java:75)
at org.apache.maven.surefire.testng.TestNGProvider.invoke(TestNGProvider.java:119)
at org.apache.maven.surefire.booter.ForkedBooter.runSuitesInProcess(ForkedBooter.java:428)
at org.apache.maven.surefire.booter.ForkedBooter.execute(ForkedBooter.java:162)
at org.apache.maven.surefire.booter.ForkedBooter.run(ForkedBooter.java:562)
at org.apache.maven.surefire.booter.ForkedBooter.main(ForkedBooter.java:548)
]]>
    </failure>
  </testcase> <!-- getResponseUsers -->
  <system-out/>
</testsuite> <!-- tests.usersTests.GetResponseUsersTest -->
