<?xml version="1.0" encoding="UTF-8"?>
<!-- Generated by org.testng.reporters.JUnitXMLReporter -->
<testsuite ignored="0" hostname="DESKTOP-LFPD9NH" failures="1" tests="1" name="CASE5" time="0.515" errors="0" timestamp="2022-06-14T22:38:17 MSK">
  <testcase classname="tests.usersTests.GetResponseUsersTest" name="getResponseUsers" time="0.515">
    <failure type="java.lang.AssertionError" message="The following asserts failed:
	expected [{&amp;quot;id&amp;quot;:4,&amp;quot;name&amp;quot;:&amp;quot;Patricia Lebsack&amp;quot;,&amp;quot;username&amp;quot;:&amp;quot;Karianne&amp;quot;,&amp;quot;email&amp;quot;:&amp;quot;Julianne.OConner@kory.org&amp;quot;,&amp;quot;address&amp;quot;:{&amp;quot;street&amp;quot;:&amp;quot;Hoeger Mall&amp;quot;,&amp;quot;suite&amp;quot;:&amp;quot;Apt. 692&amp;quot;,&amp;quot;city&amp;quot;:&amp;quot;South Elvis&amp;quot;,&amp;quot;zipcode&amp;quot;:&amp;quot;53919-4257&amp;quot;,&amp;quot;geo&amp;quot;:{&amp;quot;lat&amp;quot;:&amp;quot;29.4572&amp;quot;,&amp;quot;lng&amp;quot;:&amp;quot;-164.2990&amp;quot;}},&amp;quot;phone&amp;quot;:&amp;quot;493-170-9623 x156&amp;quot;,&amp;quot;website&amp;quot;:&amp;quot;kale.biz&amp;quot;,&amp;quot;company&amp;quot;:{&amp;quot;name&amp;quot;:&amp;quot;Robel-Corkery&amp;quot;,&amp;quot;catchPhrase&amp;quot;:&amp;quot;Multi-tiered zero tolerance productivity&amp;quot;,&amp;quot;bs&amp;quot;:&amp;quot;transition cutting-edge web services&amp;quot;}}] but found [{&amp;quot;id&amp;quot;:5,&amp;quot;name&amp;quot;:&amp;quot;Chelsey Dietrich&amp;quot;,&amp;quot;username&amp;quot;:&amp;quot;Kamren&amp;quot;,&amp;quot;email&amp;quot;:&amp;quot;Lucio_Hettinger@annie.ca&amp;quot;,&amp;quot;address&amp;quot;:{&amp;quot;street&amp;quot;:&amp;quot;Skiles Walks&amp;quot;,&amp;quot;suite&amp;quot;:&amp;quot;Suite 351&amp;quot;,&amp;quot;city&amp;quot;:&amp;quot;Roscoeview&amp;quot;,&amp;quot;zipcode&amp;quot;:&amp;quot;33263&amp;quot;,&amp;quot;geo&amp;quot;:{&amp;quot;lat&amp;quot;:&amp;quot;-31.8129&amp;quot;,&amp;quot;lng&amp;quot;:&amp;quot;62.5342&amp;quot;}},&amp;quot;phone&amp;quot;:&amp;quot;(254)954-1289&amp;quot;,&amp;quot;website&amp;quot;:&amp;quot;demarco.info&amp;quot;,&amp;quot;company&amp;quot;:{&amp;quot;name&amp;quot;:&amp;quot;Keebler LLC&amp;quot;,&amp;quot;catchPhrase&amp;quot;:&amp;quot;User-centric fault-tolerant solution&amp;quot;,&amp;quot;bs&amp;quot;:&amp;quot;revolutionize end-to-end systems&amp;quot;}}]">
      <![CDATA[java.lang.AssertionError: The following asserts failed:
expected [{"id":4,"name":"Patricia Lebsack","username":"Karianne","email":"Julianne.OConner@kory.org","address":{"street":"Hoeger Mall","suite":"Apt. 692","city":"South Elvis","zipcode":"53919-4257","geo":{"lat":"29.4572","lng":"-164.2990"}},"phone":"493-170-9623 x156","website":"kale.biz","company":{"name":"Robel-Corkery","catchPhrase":"Multi-tiered zero tolerance productivity","bs":"transition cutting-edge web services"}}] but found [{"id":5,"name":"Chelsey Dietrich","username":"Kamren","email":"Lucio_Hettinger@annie.ca","address":{"street":"Skiles Walks","suite":"Suite 351","city":"Roscoeview","zipcode":"33263","geo":{"lat":"-31.8129","lng":"62.5342"}},"phone":"(254)954-1289","website":"demarco.info","company":{"name":"Keebler LLC","catchPhrase":"User-centric fault-tolerant solution","bs":"revolutionize end-to-end systems"}}]
at tests.usersTests.GetResponseUsersTest.getResponseUsers(GetResponseUsersTest.java:46)
at java.base/java.util.ArrayList.forEach(ArrayList.java:1511)
... Removed 34 stack frames]]>
    </failure>
  </testcase> <!-- getResponseUsers -->
</testsuite> <!-- CASE5 -->
